<?xml version="1.0" encoding="UTF-8"?>
<testsuite name="com.laioffer.twitch.FavoriteServiceTests" tests="4" skipped="0" failures="0" errors="0" timestamp="2024-09-08T22:37:12" hostname="DebbiedeMacBook-Air.local" time="1.465">
  <properties/>
  <testcase name="whenItemNotExist_setFavoriteItem_shouldSaveItem()" classname="com.laioffer.twitch.FavoriteServiceTests" time="1.45"/>
  <testcase name="whenItemNotExist_unsetFavoriteItem_shouldNotDeleteFavoriteRecord()" classname="com.laioffer.twitch.FavoriteServiceTests" time="0.004"/>
  <testcase name="whenItemExist_setFavoriteItem_shouldNotSaveItem()" classname="com.laioffer.twitch.FavoriteServiceTests" time="0.002"/>
  <testcase name="whenItemExist_unsetFavoriteItem_shouldDeleteFavoriteRecord()" classname="com.laioffer.twitch.FavoriteServiceTests" time="0.004"/>
  <system-out><![CDATA[]]></system-out>
  <system-err><![CDATA[]]></system-err>
</testsuite>
